<?xml version="1.0" encoding="UTF-8"?>
<!-- Generated by org.testng.reporters.JUnitReportReporter -->
<testsuite hostname="TTNPL-MohammadFarhan" failures="0" tests="1" name="componantTestingPractice.HoverAction" time="8.438" errors="0" timestamp="2023-03-28T23:29:41 IST" skipped="0">
  <testcase classname="componantTestingPractice.HoverAction" name="test" time="8.438"/>
  <system-out/>
</testsuite> <!-- componantTestingPractice.HoverAction -->
