<?xml version="1.0" encoding="UTF-8"?>
<!-- Generated by org.testng.reporters.JUnitReportReporter -->
<testsuite hostname="TTNPL-MohammadFarhan" failures="0" tests="2" name="paractice.LoginTestCase" time="4.181" errors="0" timestamp="2023-04-10T16:29:36 IST" skipped="0">
  <testcase classname="paractice.LoginTestCase" name="Login" time="2.787"/>
  <system-out/>
  <testcase classname="paractice.LoginTestCase" name="HomePageVerify" time="1.394"/>
  <system-out/>
</testsuite> <!-- paractice.LoginTestCase -->
