<?xml version="1.0" encoding="UTF-8"?>
<!-- Generated by org.testng.reporters.JUnitReportReporter -->
<testsuite hostname="TTNPL-MohammadFarhan" failures="0" tests="1" name="componantTestingPractice.ClickAction" time="0.496" errors="0" timestamp="2023-03-28T23:23:26 IST" skipped="0">
  <testcase classname="componantTestingPractice.ClickAction" name="test" time="0.496"/>
  <system-out/>
</testsuite> <!-- componantTestingPractice.ClickAction -->
