<?xml version="1.0" encoding="UTF-8"?>
<!-- Generated by org.testng.reporters.JUnitReportReporter -->
<testsuite hostname="TTNPL-MohammadFarhan" failures="0" tests="1" name="componantTestingPractice.BrowserTest" time="1.709" errors="0" timestamp="2023-03-29T09:50:15 IST" skipped="0">
  <testcase classname="componantTestingPractice.BrowserTest" name="Test" time="1.709"/>
  <system-out/>
</testsuite> <!-- componantTestingPractice.BrowserTest -->
