<?xml version="1.0" encoding="UTF-8"?>
<!-- Generated by org.testng.reporters.JUnitReportReporter -->
<testsuite hostname="TTNPL-MohammadFarhan" failures="0" tests="3" name="componantTestingPractice.DataProviderTest" time="24.426" errors="0" timestamp="2023-03-29T10:35:25 IST" skipped="0">
  <testcase classname="componantTestingPractice.DataProviderTest" name="search" time="7.536"/>
  <system-out/>
  <testcase classname="componantTestingPractice.DataProviderTest" name="search" time="9.533"/>
  <system-out/>
  <testcase classname="componantTestingPractice.DataProviderTest" name="search" time="7.357"/>
  <system-out/>
</testsuite> <!-- componantTestingPractice.DataProviderTest -->
