<?xml version="1.0" encoding="UTF-8"?>
<!-- Generated by org.testng.reporters.JUnitReportReporter -->
<testsuite hostname="TTNPL-MohammadFarhan" failures="0" tests="3" name="componantTestingPractice.DataProviderTest" time="22.146" errors="0" timestamp="2023-03-29T14:16:36 IST" skipped="0">
  <testcase classname="componantTestingPractice.DataProviderTest" name="search" time="7.919"/>
  <system-out/>
  <testcase classname="componantTestingPractice.DataProviderTest" name="search" time="8.041"/>
  <system-out/>
  <testcase classname="componantTestingPractice.DataProviderTest" name="search" time="6.186"/>
  <system-out/>
</testsuite> <!-- componantTestingPractice.DataProviderTest -->
