<?xml version="1.0" encoding="UTF-8"?>
<!-- Generated by org.testng.reporters.JUnitReportReporter -->
<testsuite hostname="TTNPL-MohammadFarhan" failures="0" tests="1" name="componantTestingPractice.DoubleClickAction" time="3.025" errors="0" timestamp="2023-03-29T09:52:30 IST" skipped="0">
  <testcase classname="componantTestingPractice.DoubleClickAction" name="test" time="3.025"/>
  <system-out/>
</testsuite> <!-- componantTestingPractice.DoubleClickAction -->
