<?xml version="1.0" encoding="UTF-8"?>
<!-- Generated by org.testng.reporters.JUnitReportReporter -->
<testsuite hostname="TTNPL-MohammadFarhan" failures="0" tests="1" name="componantTestingPractice.MKGandhi" time="6.876" errors="0" timestamp="2023-03-29T15:27:23 IST" skipped="0">
  <testcase classname="componantTestingPractice.MKGandhi" name="Test1" time="6.876"/>
  <system-out/>
</testsuite> <!-- componantTestingPractice.MKGandhi -->
