<?xml version="1.0" encoding="UTF-8"?>
<!-- Generated by org.testng.reporters.JUnitReportReporter -->
<testsuite hostname="TTNPL-MohammadFarhan" failures="0" tests="2" name="base.LoginTestCase" time="4.704" errors="0" timestamp="2023-04-10T16:40:18 IST" skipped="0">
  <testcase classname="base.LoginTestCase" name="Login" time="1.701"/>
  <system-out/>
  <testcase classname="base.LoginTestCase" name="HomePageVerify" time="3.003"/>
  <system-out/>
</testsuite> <!-- base.LoginTestCase -->
